<?xml version="1.0" encoding="UTF-8"?>
<!-- Generated by org.testng.reporters.JUnitReportReporter -->
<testsuite hostname="LAPTOP-1OJAH0HM" failures="0" tests="1" name="com.pd.programs.testNGAutomationAnywhereTest" time="15.583" errors="0" timestamp="2024-01-27T18:33:28 IST" skipped="0">
  <testcase classname="com.pd.programs.testNGAutomationAnywhereTest" name="testProcessDiscoveryNavigation" time="15.583"/>
  <system-out/>
</testsuite> <!-- com.pd.programs.testNGAutomationAnywhereTest -->
