<?xml version="1.0" encoding="UTF-8"?>
<!-- Generated by org.testng.reporters.JUnitReportReporter -->
<testsuite hostname="LAPTOP-1OJAH0HM" failures="0" tests="1" name="com.pd.programs.TestNgprodDic" time="15.649" errors="0" timestamp="2024-01-24T01:43:01 IST" skipped="0">
  <testcase classname="com.pd.programs.TestNgprodDic" name="testNavigationToProcessDiscovery" time="15.649"/>
</testsuite> <!-- com.pd.programs.TestNgprodDic -->
