<?xml version="1.0" encoding="UTF-8"?>
<!-- Generated by org.testng.reporters.JUnitReportReporter -->
<testsuite hostname="LAPTOP-1OJAH0HM" failures="0" tests="1" name="TestNgAutomationAnywhereDemoTest" time="19.787" errors="0" timestamp="2024-01-27T19:58:35 IST" skipped="0">
  <testcase classname="TestNgAutomationAnywhereDemoTest" name="verifyRequestDemoButton" time="19.787"/>
</testsuite> <!-- TestNgAutomationAnywhereDemoTest -->
