<?xml version="1.0" encoding="UTF-8"?>
<!-- Generated by org.testng.reporters.JUnitReportReporter -->
<testsuite hostname="LAPTOP-1OJAH0HM" failures="0" tests="1" name="testNGAutomationAnywhereTest" time="93.307" errors="0" timestamp="2024-01-28T02:12:04 IST" skipped="0">
  <testcase classname="testNGAutomationAnywhereTest" name="testProcessDiscoveryNavigation" time="93.307"/>
  <system-out/>
</testsuite> <!-- testNGAutomationAnywhereTest -->
