<?xml version="1.0" encoding="UTF-8"?>
<!-- Generated by org.testng.reporters.JUnitReportReporter -->
<testsuite hostname="LAPTOP-1OJAH0HM" failures="0" tests="1" name="testNGAutomationAnywhereTest" time="13.768" errors="0" timestamp="2024-01-28T01:11:25 IST" skipped="0">
  <testcase classname="testNGAutomationAnywhereTest" name="testProcessDiscoveryNavigation" time="13.768"/>
  <system-out/>
</testsuite> <!-- testNGAutomationAnywhereTest -->
