<?xml version="1.0" encoding="UTF-8"?>
<!-- Generated by org.testng.reporters.JUnitReportReporter -->
<testsuite hostname="LAPTOP-1OJAH0HM" failures="0" tests="1" name="com.lalith.Testng.testNGAutomationAnywhereTest" time="3.070" errors="0" timestamp="2024-01-28T01:09:11 IST" skipped="0">
  <testcase classname="com.lalith.Testng.testNGAutomationAnywhereTest" name="testProcessDiscoveryNavigation" time="3.070"/>
</testsuite> <!-- com.lalith.Testng.testNGAutomationAnywhereTest -->
